SuperWeChat/build/outputs/logs/manifest-merger-debug-report.txt
-- Merging decision tree log ---
manifest
ADDED from superwechat\SuperWeChat\AndroidManifest.xml:2:1-502:12
	package
		ADDED from superwechat\SuperWeChat\AndroidManifest.xml:4:5-39
		INJECTED from superwechat\SuperWeChat\AndroidManifest.xml
		INJECTED from superwechat\SuperWeChat\AndroidManifest.xml
	android:versionName
		ADDED from superwechat\SuperWeChat\AndroidManifest.xml:6:5-32
		INJECTED from superwechat\SuperWeChat\AndroidManifest.xml
		INJECTED from superwechat\SuperWeChat\AndroidManifest.xml
	xmlns:tools
		ADDED from superwechat\SuperWeChat\AndroidManifest.xml:3:5-51
	android:versionCode
		ADDED from superwechat\SuperWeChat\AndroidManifest.xml:5:5-29
		INJECTED from superwechat\SuperWeChat\AndroidManifest.xml
		INJECTED from superwechat\SuperWeChat\AndroidManifest.xml
	xmlns:android
		ADDED from superwechat\SuperWeChat\AndroidManifest.xml:2:11-69
uses-sdk
ADDED from superwechat\SuperWeChat\AndroidManifest.xml:8:5-11:59
MERGED from [com.android.support:multidex:1.0.1] AndroidManifest.xml:18:5-42
MERGED from [SuperWeChat:redpacketlibrary:unspecified] AndroidManifest.xml:7:5-9:41
MERGED from [SuperWeChat:EaseUI:unspecified] AndroidManifest.xml:7:5-9:41
	tools:overrideLibrary
		ADDED from superwechat\SuperWeChat\AndroidManifest.xml:11:9-56
	android:targetSdkVersion
		ADDED from superwechat\SuperWeChat\AndroidManifest.xml:10:9-38
		INJECTED from superwechat\SuperWeChat\AndroidManifest.xml
		INJECTED from superwechat\SuperWeChat\AndroidManifest.xml
	android:minSdkVersion
		ADDED from superwechat\SuperWeChat\AndroidManifest.xml:9:9-35
		INJECTED from superwechat\SuperWeChat\AndroidManifest.xml
		INJECTED from superwechat\SuperWeChat\AndroidManifest.xml
uses-permission#android.permission.VIBRATE
ADDED from superwechat\SuperWeChat\AndroidManifest.xml:13:5-66
	android:name
		ADDED from superwechat\SuperWeChat\AndroidManifest.xml:13:22-63
uses-permission#android.permission.INTERNET
ADDED from superwechat\SuperWeChat\AndroidManifest.xml:14:5-67
	android:name
		ADDED from superwechat\SuperWeChat\AndroidManifest.xml:14:22-64
uses-permission#android.permission.RECORD_AUDIO
ADDED from superwechat\SuperWeChat\AndroidManifest.xml:15:5-71
	android:name
		ADDED from superwechat\SuperWeChat\AndroidManifest.xml:15:22-68
uses-permission#android.permission.CAMERA
ADDED from superwechat\SuperWeChat\AndroidManifest.xml:16:5-65
	android:name
		ADDED from superwechat\SuperWeChat\AndroidManifest.xml:16:22-62
uses-permission#android.permission.ACCESS_NETWORK_STATE
ADDED from superwechat\SuperWeChat\AndroidManifest.xml:17:5-79
	android:name
		ADDED from superwechat\SuperWeChat\AndroidManifest.xml:17:22-76
uses-permission#android.permission.WRITE_EXTERNAL_STORAGE
ADDED from superwechat\SuperWeChat\AndroidManifest.xml:18:5-81
	android:name
		ADDED from superwechat\SuperWeChat\AndroidManifest.xml:18:22-78
uses-permission#android.permission.MOUNT_UNMOUNT_FILESYSTEMS
ADDED from superwechat\SuperWeChat\AndroidManifest.xml:19:5-84
	android:name
		ADDED from superwechat\SuperWeChat\AndroidManifest.xml:19:22-81
uses-permission#android.permission.ACCESS_FINE_LOCATION
ADDED from superwechat\SuperWeChat\AndroidManifest.xml:20:5-79
	android:name
		ADDED from superwechat\SuperWeChat\AndroidManifest.xml:20:22-76
uses-permission#android.permission.GET_TASKS
ADDED from superwechat\SuperWeChat\AndroidManifest.xml:21:5-68
	android:name
		ADDED from superwechat\SuperWeChat\AndroidManifest.xml:21:22-65
uses-permission#android.permission.ACCESS_WIFI_STATE
ADDED from superwechat\SuperWeChat\AndroidManifest.xml:22:5-76
	android:name
		ADDED from superwechat\SuperWeChat\AndroidManifest.xml:22:22-73
uses-permission#android.permission.CHANGE_WIFI_STATE
ADDED from superwechat\SuperWeChat\AndroidManifest.xml:23:5-76
	android:name
		ADDED from superwechat\SuperWeChat\AndroidManifest.xml:23:22-73
uses-permission#android.permission.WAKE_LOCK
ADDED from superwechat\SuperWeChat\AndroidManifest.xml:24:5-68
	android:name
		ADDED from superwechat\SuperWeChat\AndroidManifest.xml:24:22-65
uses-permission#android.permission.MODIFY_AUDIO_SETTINGS
ADDED from superwechat\SuperWeChat\AndroidManifest.xml:25:5-80
	android:name
		ADDED from superwechat\SuperWeChat\AndroidManifest.xml:25:22-77
uses-permission#android.permission.READ_PHONE_STATE
ADDED from superwechat\SuperWeChat\AndroidManifest.xml:26:5-75
	android:name
		ADDED from superwechat\SuperWeChat\AndroidManifest.xml:26:22-72
uses-permission#android.permission.RECEIVE_BOOT_COMPLETED
ADDED from superwechat\SuperWeChat\AndroidManifest.xml:27:5-81
	android:name
		ADDED from superwechat\SuperWeChat\AndroidManifest.xml:27:22-78
uses-permission#android.permission.USE_CREDENTIALS
ADDED from superwechat\SuperWeChat\AndroidManifest.xml:28:5-74
	android:name
		ADDED from superwechat\SuperWeChat\AndroidManifest.xml:28:22-71
uses-permission#com.android.launcher.permission.READ_SETTINGS
ADDED from superwechat\SuperWeChat\AndroidManifest.xml:29:5-85
	android:name
		ADDED from superwechat\SuperWeChat\AndroidManifest.xml:29:22-82
uses-permission#android.permission.BROADCAST_STICKY
ADDED from superwechat\SuperWeChat\AndroidManifest.xml:30:5-75
	android:name
		ADDED from superwechat\SuperWeChat\AndroidManifest.xml:30:22-72
uses-permission#android.permission.WRITE_SETTINGS
ADDED from superwechat\SuperWeChat\AndroidManifest.xml:31:5-73
	android:name
		ADDED from superwechat\SuperWeChat\AndroidManifest.xml:31:22-70
uses-permission#android.permission.REQUEST_IGNORE_BATTERY_OPTIMIZATIONS
ADDED from superwechat\SuperWeChat\AndroidManifest.xml:32:5-95
	android:name
		ADDED from superwechat\SuperWeChat\AndroidManifest.xml:32:22-92
uses-permission#com.google.android.c2dm.permission.RECEIVE
ADDED from superwechat\SuperWeChat\AndroidManifest.xml:35:5-82
	android:name
		ADDED from superwechat\SuperWeChat\AndroidManifest.xml:35:22-79
permission#com.hyphenate.chatuidemo.permission.C2D_MESSAGE
ADDED from superwechat\SuperWeChat\AndroidManifest.xml:37:5-39:47
	android:protectionLevel
		ADDED from superwechat\SuperWeChat\AndroidManifest.xml:39:9-44
	android:name
		ADDED from superwechat\SuperWeChat\AndroidManifest.xml:38:9-71
uses-permission#com.hyphenate.chatuidemo.permission.C2D_MESSAGE
ADDED from superwechat\SuperWeChat\AndroidManifest.xml:41:5-87
	android:name
		ADDED from superwechat\SuperWeChat\AndroidManifest.xml:41:22-84
permission#com.hyphenate.chatuidemo.permission.MIPUSH_RECEIVE
ADDED from superwechat\SuperWeChat\AndroidManifest.xml:43:5-45:55
	android:protectionLevel
		ADDED from superwechat\SuperWeChat\AndroidManifest.xml:45:9-52
	android:name
		ADDED from superwechat\SuperWeChat\AndroidManifest.xml:44:9-74
uses-permission#com.hyphenate.chatuidemo.permission.MIPUSH_RECEIVE
ADDED from superwechat\SuperWeChat\AndroidManifest.xml:47:5-90
	android:name
		ADDED from superwechat\SuperWeChat\AndroidManifest.xml:47:22-87
application
ADDED from superwechat\SuperWeChat\AndroidManifest.xml:49:5-500:19
	android:label
		ADDED from superwechat\SuperWeChat\AndroidManifest.xml:53:9-41
	android:allowBackup
		ADDED from superwechat\SuperWeChat\AndroidManifest.xml:51:9-35
	android:icon
		ADDED from superwechat\SuperWeChat\AndroidManifest.xml:52:9-48
	android:name
		ADDED from superwechat\SuperWeChat\AndroidManifest.xml:50:9-40
activity#com.hyphenate.chatuidemo.ui.MainActivity
ADDED from superwechat\SuperWeChat\AndroidManifest.xml:54:9-59:55
	android:screenOrientation
		ADDED from superwechat\SuperWeChat\AndroidManifest.xml:57:13-49
	android:launchMode
		ADDED from superwechat\SuperWeChat\AndroidManifest.xml:56:13-44
	android:windowSoftInputMode
		ADDED from superwechat\SuperWeChat\AndroidManifest.xml:59:13-52
	android:theme
		ADDED from superwechat\SuperWeChat\AndroidManifest.xml:58:13-52
	android:name
		ADDED from superwechat\SuperWeChat\AndroidManifest.xml:55:13-44
activity#com.hyphenate.chatuidemo.ui.SplashActivity
ADDED from superwechat\SuperWeChat\AndroidManifest.xml:62:9-71:20
	android:screenOrientation
		ADDED from superwechat\SuperWeChat\AndroidManifest.xml:64:13-49
	android:theme
		ADDED from superwechat\SuperWeChat\AndroidManifest.xml:65:13-52
	android:name
		ADDED from superwechat\SuperWeChat\AndroidManifest.xml:63:13-46
intent-filter#android.intent.action.MAIN+android.intent.category.LAUNCHER
ADDED from superwechat\SuperWeChat\AndroidManifest.xml:66:13-70:29
action#android.intent.action.MAIN
ADDED from superwechat\SuperWeChat\AndroidManifest.xml:67:17-69
	android:name
		ADDED from superwechat\SuperWeChat\AndroidManifest.xml:67:25-66
category#android.intent.category.LAUNCHER
ADDED from superwechat\SuperWeChat\AndroidManifest.xml:69:17-77
	android:name
		ADDED from superwechat\SuperWeChat\AndroidManifest.xml:69:27-74
activity#com.hyphenate.chatuidemo.ui.LoginActivity
ADDED from superwechat\SuperWeChat\AndroidManifest.xml:74:9-78:71
	android:screenOrientation
		ADDED from superwechat\SuperWeChat\AndroidManifest.xml:76:13-49
	android:windowSoftInputMode
		ADDED from superwechat\SuperWeChat\AndroidManifest.xml:78:13-68
	android:theme
		ADDED from superwechat\SuperWeChat\AndroidManifest.xml:77:13-52
	android:name
		ADDED from superwechat\SuperWeChat\AndroidManifest.xml:75:13-45
activity#com.hyphenate.chatuidemo.ui.RegisterActivity
ADDED from superwechat\SuperWeChat\AndroidManifest.xml:81:9-85:71
	android:screenOrientation
		ADDED from superwechat\SuperWeChat\AndroidManifest.xml:83:13-49
	android:windowSoftInputMode
		ADDED from superwechat\SuperWeChat\AndroidManifest.xml:85:13-68
	android:theme
		ADDED from superwechat\SuperWeChat\AndroidManifest.xml:84:13-52
	android:name
		ADDED from superwechat\SuperWeChat\AndroidManifest.xml:82:13-48
activity#com.hyphenate.chatuidemo.ui.ChatActivity
ADDED from superwechat\SuperWeChat\AndroidManifest.xml:87:9-92:58
	android:screenOrientation
		ADDED from superwechat\SuperWeChat\AndroidManifest.xml:90:13-49
	android:launchMode
		ADDED from superwechat\SuperWeChat\AndroidManifest.xml:89:13-44
	android:windowSoftInputMode
		ADDED from superwechat\SuperWeChat\AndroidManifest.xml:92:13-55
	android:theme
		ADDED from superwechat\SuperWeChat\AndroidManifest.xml:91:13-52
	android:name
		ADDED from superwechat\SuperWeChat\AndroidManifest.xml:88:13-44
activity#com.hyphenate.chatuidemo.ui.AddContactActivity
ADDED from superwechat\SuperWeChat\AndroidManifest.xml:94:9-98:58
	android:screenOrientation
		ADDED from superwechat\SuperWeChat\AndroidManifest.xml:96:13-49
	android:windowSoftInputMode
		ADDED from superwechat\SuperWeChat\AndroidManifest.xml:98:13-55
	android:theme
		ADDED from superwechat\SuperWeChat\AndroidManifest.xml:97:13-52
	android:name
		ADDED from superwechat\SuperWeChat\AndroidManifest.xml:95:13-50
activity#com.hyphenate.chatuidemo.ui.GroupDetailsActivity
ADDED from superwechat\SuperWeChat\AndroidManifest.xml:100:9-103:55
	android:screenOrientation
		ADDED from superwechat\SuperWeChat\AndroidManifest.xml:102:13-49
	android:theme
		ADDED from superwechat\SuperWeChat\AndroidManifest.xml:103:13-52
	android:name
		ADDED from superwechat\SuperWeChat\AndroidManifest.xml:101:13-52
activity#com.hyphenate.chatuidemo.ui.GroupsActivity
ADDED from superwechat\SuperWeChat\AndroidManifest.xml:105:9-109:55
	android:screenOrientation
		ADDED from superwechat\SuperWeChat\AndroidManifest.xml:107:13-49
	android:windowSoftInputMode
		ADDED from superwechat\SuperWeChat\AndroidManifest.xml:109:13-52
	android:theme
		ADDED from superwechat\SuperWeChat\AndroidManifest.xml:108:13-52
	android:name
		ADDED from superwechat\SuperWeChat\AndroidManifest.xml:106:13-46
activity#com.hyphenate.chatuidemo.ui.ChatRoomDetailsActivity
ADDED from superwechat\SuperWeChat\AndroidManifest.xml:112:9-115:55
	android:screenOrientation
		ADDED from superwechat\SuperWeChat\AndroidManifest.xml:114:13-49
	android:theme
		ADDED from superwechat\SuperWeChat\AndroidManifest.xml:115:13-52
	android:name
		ADDED from superwechat\SuperWeChat\AndroidManifest.xml:113:13-55
activity#com.hyphenate.chatuidemo.ui.NewGroupActivity
ADDED from superwechat\SuperWeChat\AndroidManifest.xml:118:9-122:55
	android:screenOrientation
		ADDED from superwechat\SuperWeChat\AndroidManifest.xml:120:13-49
	android:windowSoftInputMode
		ADDED from superwechat\SuperWeChat\AndroidManifest.xml:122:13-52
	android:theme
		ADDED from superwechat\SuperWeChat\AndroidManifest.xml:121:13-52
	android:name
		ADDED from superwechat\SuperWeChat\AndroidManifest.xml:119:13-48
activity#com.hyphenate.chatuidemo.ui.ExitGroupDialog
ADDED from superwechat\SuperWeChat\AndroidManifest.xml:124:9-127:58
	android:screenOrientation
		ADDED from superwechat\SuperWeChat\AndroidManifest.xml:126:13-49
	android:theme
		ADDED from superwechat\SuperWeChat\AndroidManifest.xml:127:13-55
	android:name
		ADDED from superwechat\SuperWeChat\AndroidManifest.xml:125:13-47
activity#com.hyphenate.chatuidemo.ui.GroupPickContactsActivity
ADDED from superwechat\SuperWeChat\AndroidManifest.xml:129:9-133:55
	android:screenOrientation
		ADDED from superwechat\SuperWeChat\AndroidManifest.xml:131:13-49
	android:windowSoftInputMode
		ADDED from superwechat\SuperWeChat\AndroidManifest.xml:133:13-52
	android:theme
		ADDED from superwechat\SuperWeChat\AndroidManifest.xml:132:13-52
	android:name
		ADDED from superwechat\SuperWeChat\AndroidManifest.xml:130:13-57
activity#com.hyphenate.chatuidemo.ui.PickAtUserActivity
ADDED from superwechat\SuperWeChat\AndroidManifest.xml:134:9-137:55
	android:screenOrientation
		ADDED from superwechat\SuperWeChat\AndroidManifest.xml:136:13-49
	android:theme
		ADDED from superwechat\SuperWeChat\AndroidManifest.xml:137:13-52
	android:name
		ADDED from superwechat\SuperWeChat\AndroidManifest.xml:135:13-50
activity#com.hyphenate.easeui.ui.EaseBaiduMapActivity
ADDED from superwechat\SuperWeChat\AndroidManifest.xml:139:9-142:55
	android:screenOrientation
		ADDED from superwechat\SuperWeChat\AndroidManifest.xml:141:13-49
	android:theme
		ADDED from superwechat\SuperWeChat\AndroidManifest.xml:142:13-52
	android:name
		ADDED from superwechat\SuperWeChat\AndroidManifest.xml:140:13-72
activity#com.hyphenate.chatuidemo.ui.NewFriendsMsgActivity
ADDED from superwechat\SuperWeChat\AndroidManifest.xml:145:9-148:55
	android:screenOrientation
		ADDED from superwechat\SuperWeChat\AndroidManifest.xml:147:13-49
	android:theme
		ADDED from superwechat\SuperWeChat\AndroidManifest.xml:148:13-52
	android:name
		ADDED from superwechat\SuperWeChat\AndroidManifest.xml:146:13-53
activity#com.hyphenate.chatuidemo.ui.ForwardMessageActivity
ADDED from superwechat\SuperWeChat\AndroidManifest.xml:150:9-154:55
	android:screenOrientation
		ADDED from superwechat\SuperWeChat\AndroidManifest.xml:152:13-49
	android:windowSoftInputMode
		ADDED from superwechat\SuperWeChat\AndroidManifest.xml:154:13-52
	android:theme
		ADDED from superwechat\SuperWeChat\AndroidManifest.xml:153:13-52
	android:name
		ADDED from superwechat\SuperWeChat\AndroidManifest.xml:151:13-54
activity#com.hyphenate.chatuidemo.ui.ContextMenuActivity
ADDED from superwechat\SuperWeChat\AndroidManifest.xml:156:9-159:52
	android:screenOrientation
		ADDED from superwechat\SuperWeChat\AndroidManifest.xml:158:13-49
	android:theme
		ADDED from superwechat\SuperWeChat\AndroidManifest.xml:159:13-49
	android:name
		ADDED from superwechat\SuperWeChat\AndroidManifest.xml:157:13-51
activity#com.hyphenate.easeui.ui.EaseShowBigImageActivity
ADDED from superwechat\SuperWeChat\AndroidManifest.xml:161:9-164:55
	android:screenOrientation
		ADDED from superwechat\SuperWeChat\AndroidManifest.xml:163:13-49
	android:theme
		ADDED from superwechat\SuperWeChat\AndroidManifest.xml:164:13-52
	android:name
		ADDED from superwechat\SuperWeChat\AndroidManifest.xml:162:13-76
activity#com.hyphenate.easeui.ui.EaseShowNormalFileActivity
ADDED from superwechat\SuperWeChat\AndroidManifest.xml:166:9-169:55
	android:screenOrientation
		ADDED from superwechat\SuperWeChat\AndroidManifest.xml:168:13-49
	android:theme
		ADDED from superwechat\SuperWeChat\AndroidManifest.xml:169:13-52
	android:name
		ADDED from superwechat\SuperWeChat\AndroidManifest.xml:167:13-78
activity#com.hyphenate.chatuidemo.ui.BlacklistActivity
ADDED from superwechat\SuperWeChat\AndroidManifest.xml:171:9-174:55
	android:screenOrientation
		ADDED from superwechat\SuperWeChat\AndroidManifest.xml:173:13-49
	android:theme
		ADDED from superwechat\SuperWeChat\AndroidManifest.xml:174:13-52
	android:name
		ADDED from superwechat\SuperWeChat\AndroidManifest.xml:172:13-49
activity#com.hyphenate.chatuidemo.ui.PublicGroupsActivity
ADDED from superwechat\SuperWeChat\AndroidManifest.xml:177:9-181:55
	android:screenOrientation
		ADDED from superwechat\SuperWeChat\AndroidManifest.xml:179:13-49
	android:windowSoftInputMode
		ADDED from superwechat\SuperWeChat\AndroidManifest.xml:181:13-52
	android:theme
		ADDED from superwechat\SuperWeChat\AndroidManifest.xml:180:13-52
	android:name
		ADDED from superwechat\SuperWeChat\AndroidManifest.xml:178:13-52
activity#com.hyphenate.chatuidemo.ui.PublicChatRoomsActivity
ADDED from superwechat\SuperWeChat\AndroidManifest.xml:182:9-186:55
	android:screenOrientation
		ADDED from superwechat\SuperWeChat\AndroidManifest.xml:184:13-49
	android:windowSoftInputMode
		ADDED from superwechat\SuperWeChat\AndroidManifest.xml:186:13-52
	android:theme
		ADDED from superwechat\SuperWeChat\AndroidManifest.xml:185:13-52
	android:name
		ADDED from superwechat\SuperWeChat\AndroidManifest.xml:183:13-55
activity#com.hyphenate.chatuidemo.ui.VoiceCallActivity
ADDED from superwechat\SuperWeChat\AndroidManifest.xml:189:9-193:51
	android:screenOrientation
		ADDED from superwechat\SuperWeChat\AndroidManifest.xml:192:13-49
	android:launchMode
		ADDED from superwechat\SuperWeChat\AndroidManifest.xml:191:13-44
	android:theme
		ADDED from superwechat\SuperWeChat\AndroidManifest.xml:193:13-48
	android:name
		ADDED from superwechat\SuperWeChat\AndroidManifest.xml:190:13-49
activity#com.hyphenate.chatuidemo.ui.VideoCallActivity
ADDED from superwechat\SuperWeChat\AndroidManifest.xml:195:9-200:55
	android:screenOrientation
		ADDED from superwechat\SuperWeChat\AndroidManifest.xml:199:13-49
	android:launchMode
		ADDED from superwechat\SuperWeChat\AndroidManifest.xml:198:13-44
	android:configChanges
		ADDED from superwechat\SuperWeChat\AndroidManifest.xml:197:13-74
	android:theme
		ADDED from superwechat\SuperWeChat\AndroidManifest.xml:200:13-52
	android:name
		ADDED from superwechat\SuperWeChat\AndroidManifest.xml:196:13-49
activity#com.hyphenate.chatuidemo.ui.GroupSimpleDetailActivity
ADDED from superwechat\SuperWeChat\AndroidManifest.xml:202:9-205:55
	android:screenOrientation
		ADDED from superwechat\SuperWeChat\AndroidManifest.xml:204:13-49
	android:theme
		ADDED from superwechat\SuperWeChat\AndroidManifest.xml:205:13-52
	android:name
		ADDED from superwechat\SuperWeChat\AndroidManifest.xml:203:13-57
activity#com.hyphenate.chatuidemo.ui.GroupBlacklistActivity
ADDED from superwechat\SuperWeChat\AndroidManifest.xml:207:9-210:55
	android:screenOrientation
		ADDED from superwechat\SuperWeChat\AndroidManifest.xml:209:13-49
	android:theme
		ADDED from superwechat\SuperWeChat\AndroidManifest.xml:210:13-52
	android:name
		ADDED from superwechat\SuperWeChat\AndroidManifest.xml:208:13-54
activity#com.hyphenate.chatuidemo.ui.GroupSearchMessageActivity
ADDED from superwechat\SuperWeChat\AndroidManifest.xml:211:9-215:58
	android:screenOrientation
		ADDED from superwechat\SuperWeChat\AndroidManifest.xml:213:13-49
	android:windowSoftInputMode
		ADDED from superwechat\SuperWeChat\AndroidManifest.xml:215:13-55
	android:theme
		ADDED from superwechat\SuperWeChat\AndroidManifest.xml:214:13-52
	android:name
		ADDED from superwechat\SuperWeChat\AndroidManifest.xml:212:13-58
activity#com.hyphenate.chatuidemo.ui.PublicGroupsSeachActivity
ADDED from superwechat\SuperWeChat\AndroidManifest.xml:216:9-219:55
	android:screenOrientation
		ADDED from superwechat\SuperWeChat\AndroidManifest.xml:218:13-49
	android:theme
		ADDED from superwechat\SuperWeChat\AndroidManifest.xml:219:13-52
	android:name
		ADDED from superwechat\SuperWeChat\AndroidManifest.xml:217:13-57
activity#com.hyphenate.chatuidemo.ui.EditActivity
ADDED from superwechat\SuperWeChat\AndroidManifest.xml:220:9-224:58
	android:screenOrientation
		ADDED from superwechat\SuperWeChat\AndroidManifest.xml:222:13-49
	android:windowSoftInputMode
		ADDED from superwechat\SuperWeChat\AndroidManifest.xml:224:13-55
	android:theme
		ADDED from superwechat\SuperWeChat\AndroidManifest.xml:223:13-52
	android:name
		ADDED from superwechat\SuperWeChat\AndroidManifest.xml:221:13-44
activity#com.hyphenate.easeui.ui.EaseShowVideoActivity
ADDED from superwechat\SuperWeChat\AndroidManifest.xml:225:9-229:63
	android:screenOrientation
		ADDED from superwechat\SuperWeChat\AndroidManifest.xml:227:13-49
	android:windowSoftInputMode
		ADDED from superwechat\SuperWeChat\AndroidManifest.xml:229:13-60
	android:theme
		ADDED from superwechat\SuperWeChat\AndroidManifest.xml:228:13-52
	android:name
		ADDED from superwechat\SuperWeChat\AndroidManifest.xml:226:13-73
activity#com.hyphenate.chatuidemo.ui.ImageGridActivity
ADDED from superwechat\SuperWeChat\AndroidManifest.xml:231:9-235:63
	android:screenOrientation
		ADDED from superwechat\SuperWeChat\AndroidManifest.xml:233:13-49
	android:windowSoftInputMode
		ADDED from superwechat\SuperWeChat\AndroidManifest.xml:235:13-60
	android:theme
		ADDED from superwechat\SuperWeChat\AndroidManifest.xml:234:13-52
	android:name
		ADDED from superwechat\SuperWeChat\AndroidManifest.xml:232:13-49
activity#com.hyphenate.chatuidemo.ui.RecorderVideoActivity
ADDED from superwechat\SuperWeChat\AndroidManifest.xml:236:9-240:63
	android:screenOrientation
		ADDED from superwechat\SuperWeChat\AndroidManifest.xml:238:13-49
	android:windowSoftInputMode
		ADDED from superwechat\SuperWeChat\AndroidManifest.xml:240:13-60
	android:theme
		ADDED from superwechat\SuperWeChat\AndroidManifest.xml:239:13-52
	android:name
		ADDED from superwechat\SuperWeChat\AndroidManifest.xml:237:13-53
activity#com.hyphenate.chatuidemo.ui.DiagnoseActivity
ADDED from superwechat\SuperWeChat\AndroidManifest.xml:242:9-246:63
	android:screenOrientation
		ADDED from superwechat\SuperWeChat\AndroidManifest.xml:244:13-49
	android:windowSoftInputMode
		ADDED from superwechat\SuperWeChat\AndroidManifest.xml:246:13-60
	android:theme
		ADDED from superwechat\SuperWeChat\AndroidManifest.xml:245:13-52
	android:name
		ADDED from superwechat\SuperWeChat\AndroidManifest.xml:243:13-48
activity#com.hyphenate.chatuidemo.ui.OfflinePushNickActivity
ADDED from superwechat\SuperWeChat\AndroidManifest.xml:249:9-253:63
	android:screenOrientation
		ADDED from superwechat\SuperWeChat\AndroidManifest.xml:251:13-49
	android:windowSoftInputMode
		ADDED from superwechat\SuperWeChat\AndroidManifest.xml:253:13-60
	android:theme
		ADDED from superwechat\SuperWeChat\AndroidManifest.xml:252:13-52
	android:name
		ADDED from superwechat\SuperWeChat\AndroidManifest.xml:250:13-55
activity#com.hyphenate.chatuidemo.ui.RobotsActivity
ADDED from superwechat\SuperWeChat\AndroidManifest.xml:255:9-259:63
	android:screenOrientation
		ADDED from superwechat\SuperWeChat\AndroidManifest.xml:257:13-49
	android:windowSoftInputMode
		ADDED from superwechat\SuperWeChat\AndroidManifest.xml:259:13-60
	android:theme
		ADDED from superwechat\SuperWeChat\AndroidManifest.xml:258:13-52
	android:name
		ADDED from superwechat\SuperWeChat\AndroidManifest.xml:256:13-46
activity#com.hyphenate.chatuidemo.ui.UserProfileActivity
ADDED from superwechat\SuperWeChat\AndroidManifest.xml:261:9-264:55
	android:screenOrientation
		ADDED from superwechat\SuperWeChat\AndroidManifest.xml:263:13-49
	android:theme
		ADDED from superwechat\SuperWeChat\AndroidManifest.xml:264:13-52
	android:name
		ADDED from superwechat\SuperWeChat\AndroidManifest.xml:262:13-51
activity#com.hyphenate.chatuidemo.ui.SetServersActivity
ADDED from superwechat\SuperWeChat\AndroidManifest.xml:265:9-268:55
	android:screenOrientation
		ADDED from superwechat\SuperWeChat\AndroidManifest.xml:267:13-49
	android:theme
		ADDED from superwechat\SuperWeChat\AndroidManifest.xml:268:13-52
	android:name
		ADDED from superwechat\SuperWeChat\AndroidManifest.xml:266:13-50
activity#com.hyphenate.chatuidemo.ui.OfflinePushSettingsActivity
ADDED from superwechat\SuperWeChat\AndroidManifest.xml:269:9-272:55
	android:screenOrientation
		ADDED from superwechat\SuperWeChat\AndroidManifest.xml:271:13-49
	android:theme
		ADDED from superwechat\SuperWeChat\AndroidManifest.xml:272:13-52
	android:name
		ADDED from superwechat\SuperWeChat\AndroidManifest.xml:270:13-59
activity#com.hyphenate.chatuidemo.ui.CallOptionActivity
ADDED from superwechat\SuperWeChat\AndroidManifest.xml:276:9-279:55
	android:screenOrientation
		ADDED from superwechat\SuperWeChat\AndroidManifest.xml:278:13-49
	android:theme
		ADDED from superwechat\SuperWeChat\AndroidManifest.xml:279:13-52
	android:name
		ADDED from superwechat\SuperWeChat\AndroidManifest.xml:277:13-50
activity#com.easemob.redpacketui.ui.activity.RPRedPacketActivity
ADDED from superwechat\SuperWeChat\AndroidManifest.xml:283:9-287:68
	android:screenOrientation
		ADDED from superwechat\SuperWeChat\AndroidManifest.xml:285:13-49
	android:windowSoftInputMode
		ADDED from superwechat\SuperWeChat\AndroidManifest.xml:287:13-65
	android:theme
		ADDED from superwechat\SuperWeChat\AndroidManifest.xml:286:13-52
	android:name
		ADDED from superwechat\SuperWeChat\AndroidManifest.xml:284:13-83
activity#com.easemob.redpacketui.ui.activity.RPDetailActivity
ADDED from superwechat\SuperWeChat\AndroidManifest.xml:289:9-293:55
	android:screenOrientation
		ADDED from superwechat\SuperWeChat\AndroidManifest.xml:291:13-49
	android:windowSoftInputMode
		ADDED from superwechat\SuperWeChat\AndroidManifest.xml:293:13-52
	android:theme
		ADDED from superwechat\SuperWeChat\AndroidManifest.xml:292:13-52
	android:name
		ADDED from superwechat\SuperWeChat\AndroidManifest.xml:290:13-80
activity#com.easemob.redpacketui.ui.activity.RPRecordActivity
ADDED from superwechat\SuperWeChat\AndroidManifest.xml:295:9-299:55
	android:screenOrientation
		ADDED from superwechat\SuperWeChat\AndroidManifest.xml:297:13-49
	android:windowSoftInputMode
		ADDED from superwechat\SuperWeChat\AndroidManifest.xml:299:13-52
	android:theme
		ADDED from superwechat\SuperWeChat\AndroidManifest.xml:298:13-52
	android:name
		ADDED from superwechat\SuperWeChat\AndroidManifest.xml:296:13-80
activity#com.easemob.redpacketui.ui.activity.RPWebViewActivity
ADDED from superwechat\SuperWeChat\AndroidManifest.xml:301:9-305:70
	android:screenOrientation
		ADDED from superwechat\SuperWeChat\AndroidManifest.xml:303:13-49
	android:windowSoftInputMode
		ADDED from superwechat\SuperWeChat\AndroidManifest.xml:305:13-67
	android:theme
		ADDED from superwechat\SuperWeChat\AndroidManifest.xml:304:13-52
	android:name
		ADDED from superwechat\SuperWeChat\AndroidManifest.xml:302:13-81
activity#com.easemob.redpacketui.ui.activity.RPChangeActivity
ADDED from superwechat\SuperWeChat\AndroidManifest.xml:307:9-311:70
	android:screenOrientation
		ADDED from superwechat\SuperWeChat\AndroidManifest.xml:309:13-49
	android:windowSoftInputMode
		ADDED from superwechat\SuperWeChat\AndroidManifest.xml:311:13-67
	android:theme
		ADDED from superwechat\SuperWeChat\AndroidManifest.xml:310:13-52
	android:name
		ADDED from superwechat\SuperWeChat\AndroidManifest.xml:308:13-80
activity#com.easemob.redpacketui.ui.activity.RPBankCardActivity
ADDED from superwechat\SuperWeChat\AndroidManifest.xml:313:9-317:67
	android:screenOrientation
		ADDED from superwechat\SuperWeChat\AndroidManifest.xml:315:13-49
	android:windowSoftInputMode
		ADDED from superwechat\SuperWeChat\AndroidManifest.xml:317:13-64
	android:theme
		ADDED from superwechat\SuperWeChat\AndroidManifest.xml:316:13-52
	android:name
		ADDED from superwechat\SuperWeChat\AndroidManifest.xml:314:13-82
activity#com.easemob.redpacketui.ui.activity.RPGroupMemberActivity
ADDED from superwechat\SuperWeChat\AndroidManifest.xml:319:9-323:67
	android:screenOrientation
		ADDED from superwechat\SuperWeChat\AndroidManifest.xml:321:13-49
	android:windowSoftInputMode
		ADDED from superwechat\SuperWeChat\AndroidManifest.xml:323:13-64
	android:theme
		ADDED from superwechat\SuperWeChat\AndroidManifest.xml:322:13-52
	android:name
		ADDED from superwechat\SuperWeChat\AndroidManifest.xml:320:13-85
activity#com.alipay.sdk.app.H5PayActivity
ADDED from superwechat\SuperWeChat\AndroidManifest.xml:325:9-330:70
	android:screenOrientation
		ADDED from superwechat\SuperWeChat\AndroidManifest.xml:329:13-47
	android:exported
		ADDED from superwechat\SuperWeChat\AndroidManifest.xml:328:13-37
	android:windowSoftInputMode
		ADDED from superwechat\SuperWeChat\AndroidManifest.xml:330:13-67
	android:configChanges
		ADDED from superwechat\SuperWeChat\AndroidManifest.xml:327:13-85
	android:name
		ADDED from superwechat\SuperWeChat\AndroidManifest.xml:326:13-60
activity#com.easemob.redpacketui.ui.activity.RPTransferActivity
ADDED from superwechat\SuperWeChat\AndroidManifest.xml:332:9-336:68
	android:screenOrientation
		ADDED from superwechat\SuperWeChat\AndroidManifest.xml:334:13-49
	android:windowSoftInputMode
		ADDED from superwechat\SuperWeChat\AndroidManifest.xml:336:13-65
	android:theme
		ADDED from superwechat\SuperWeChat\AndroidManifest.xml:335:13-52
	android:name
		ADDED from superwechat\SuperWeChat\AndroidManifest.xml:333:13-82
activity#com.easemob.redpacketui.ui.activity.RPTransferDetailActivity
ADDED from superwechat\SuperWeChat\AndroidManifest.xml:338:9-342:67
	android:screenOrientation
		ADDED from superwechat\SuperWeChat\AndroidManifest.xml:340:13-49
	android:windowSoftInputMode
		ADDED from superwechat\SuperWeChat\AndroidManifest.xml:342:13-64
	android:theme
		ADDED from superwechat\SuperWeChat\AndroidManifest.xml:341:13-52
	android:name
		ADDED from superwechat\SuperWeChat\AndroidManifest.xml:339:13-88
receiver#com.hyphenate.chatuidemo.receiver.StartServiceReceiver
ADDED from superwechat\SuperWeChat\AndroidManifest.xml:347:9-354:20
	android:name
		ADDED from superwechat\SuperWeChat\AndroidManifest.xml:347:19-64